make.exe all --print-data-base --no-builtin-variables --no-builtin-rules --question
# GNU Make 3.81
# Copyright (C) 2006  Free Software Foundation, Inc.
# This is free software; see the source for copying conditions.
# There is NO warranty; not even for MERCHANTABILITY or FITNESS FOR A
# PARTICULAR PURPOSE.

# This program built for i386-pc-mingw32

# Make data base, printed on Mon Jun 14 23:44:25 2021

# Variables

# automatic
<D = $(patsubst %/,%,$(dir $<))
# automatic
?F = $(notdir $?)
# makefile (from `makefile', line 6)
SRC = main.c src/user_utils.c src/activity1.c src/activity2.c src/activity3.c src/activity4.c
# makefile
MAKEFLAGS = Rrqp
# environment
VSCODE_LOG_NATIVE = false
# automatic
?D = $(patsubst %/,%,$(dir $?))
# automatic
@D = $(patsubst %/,%,$(dir $@))
# environment
HOMEDRIVE = C:
# automatic
@F = $(notdir $@)
# automatic
^D = $(patsubst %/,%,$(dir $^))
# makefile
CURDIR := e:/Enhancing_emb-1
# default
SHELL := C:/WinAVR-20100110/utils/bin/sh.exe
# makefile (from `makefile', line 19)
RM = del /q
# environment
WINDIR = C:\Windows
# environment
VSCODE_NLS_CONFIG = {"locale":"en-us","availableLanguages":{},"_languagePackSupport":true}
# environment
VBOX_MSI_INSTALL_PATH = C:\Program Files\Oracle\VirtualBox\
# environment
ONEDRIVE = C:\Users\HP\OneDrive
# environment
PATHEXT = .COM;.EXE;.BAT;.CMD;.VBS;.VBE;.JS;.JSE;.WSF;.WSH;.MSC
# makefile (from `makefile', line 1)
MAKEFILE_LIST :=  makefile
# makefile (from `makefile', line 21)
FixPath = $(subst /,\,$1)
# environment
VSCODE_NODE_CACHED_DATA_DIR = C:\Users\HP\AppData\Roaming\Code\CachedData\b4c1bd0a9b03c749ea011b06c6d2676c8091a70c
# environment
TMP = C:\Users\HP\AppData\Local\Temp
# environment
VSCODE_VERBOSE_LOGGING = true
# environment
PROGRAMW6432 = C:\Program Files
# environment
PROGRAMDATA = C:\ProgramData
# environment
VSCODE_IPC_HOOK_EXTHOST = \\.\pipe\vscode-ipc-4eb9cbaf-e0a3-4e8e-96dc-4f13fdc6549f-sock
# environment
VSCODE_CWD = C:\Users\HP\AppData\Local\Programs\Microsoft VS Code
# environment
PATH = C:\WinAVR-20100110\bin;C:\WinAVR-20100110\utils\bin;C:\Windows\system32;C:\Windows;C:\Windows\System32\Wbem;C:\Windows\System32\WindowsPowerShell\v1.0\;C:\Program Files\mingw-w64\x86_64-8.1.0-posix-seh-rt_v6-rev0\mingw64\bin;C:\Program Files\Git\cmd;C:\Program Files (x86)\GnuWin32;C:\Program Files\Cppcheck;C:\Program Files\doxygen\bin;C:\Program Files\CodeBlocks;C:\Program Files\CodeBlocks\MinGW\bin;C:\WinAVR-20100110;C:\Program Files\CodeBlocks;C:\Users\HP\AppData\Local\GitHubDesktop\bin;C:\Users\HP\AppData\Local\Programs\Microsoft VS Code\bin
# environment
COMMONPROGRAMW6432 = C:\Program Files\Common Files
# environment
PROCESSOR_ARCHITECTURE = x86
# environment
USERPROFILE = C:\Users\HP
# environment
ALLUSERSPROFILE = C:\ProgramData
# environment
VSCODE_LOG_STACK = false
# environment
NUMBER_OF_PROCESSORS = 4
# environment
ELECTRON_RUN_AS_NODE = 1
# default
.FEATURES := target-specific order-only second-expansion else-if archives
# automatic
%F = $(notdir $%)
# environment
CHROME_CRASHPAD_PIPE_NAME = \\.\pipe\crashpad_11312_HCPMRGOOOEODFEGG
# environment
VSCODE_PIPE_LOGGING = true
# environment
COMPUTERNAME = DESKTOP-35A4F69
# environment
PROGRAMFILES = C:\Program Files (x86)
# environment
ORIGINAL_XDG_CURRENT_DESKTOP = undefined
# environment
AVR32_HOME = C:\WinAVR-20100110
# environment
USERNAME = HP
# environment
PUBLIC = C:\Users\Public
# environment
VSCODE_AMD_ENTRYPOINT = vs/workbench/services/extensions/node/extensionHostProcess
# environment
APPLICATION_INSIGHTS_NO_DIAGNOSTIC_CHANNEL = true
# environment
COMMONPROGRAMFILES = C:\Program Files (x86)\Common Files
# environment
LOGONSERVER = \\MicrosoftAccount
# environment
VSCODE_HANDLES_UNCAUGHT_ERRORS = true
# environment
USERDOMAIN = DESKTOP-35A4F69
# default
MAKE = $(MAKE_COMMAND)
# default
MAKECMDGOALS := all
# makefile (from `makefile', line 23)
CC = avr-gcc.exe
# makefile (from `makefile', line 3)
BUILD_DIR = Build
# makefile (from `makefile', line 25)
AVR_OBJ_CPY = avr-objcopy.exe
# default
MAKE_VERSION := 3.81
# makefile
.DEFAULT_GOAL := all
# environment
PROGRAMFILES(X86) = C:\Program Files (x86)
# automatic
%D = $(patsubst %/,%,$(dir $%))
# environment
LOCALAPPDATA = C:\Users\HP\AppData\Local
# environment
PSMODULEPATH = C:\Windows\system32\WindowsPowerShell\v1.0\Modules\
# default
MAKE_COMMAND := make.exe
# makefile (from `makefile', line 14)
INC = -I inc
# environment
PROCESSOR_ARCHITEW6432 = AMD64
# default
.VARIABLES := 
# automatic
*F = $(notdir $*)
# environment
PROCESSOR_IDENTIFIER = Intel64 Family 6 Model 142 Stepping 9, GenuineIntel
# environment
OS = Windows_NT
# environment
VSCODE_IPC_HOOK = \\.\pipe\39abd41aff3157edea34b81c340f433c-1.57.0-main-sock
# environment
HOMEPATH = \Users\HP
# environment
COMMONPROGRAMFILES(X86) = C:\Program Files (x86)\Common Files
# environment
PROMPT = $P$G
# environment
MFLAGS = -Rrqp
# automatic
*D = $(patsubst %/,%,$(dir $*))
# environment
SYSTEMROOT = C:\Windows
# automatic
+D = $(patsubst %/,%,$(dir $+))
# automatic
+F = $(notdir $+)
# environment
APPDATA = C:\Users\HP\AppData\Roaming
# environment
__COMPAT_LAYER = RunAsAdmin Installer
# environment
TEMP = C:\Users\HP\AppData\Local\Temp
# environment
COMSPEC = C:\Windows\system32\cmd.exe
# default
MAKEFILES := 
# automatic
<F = $(notdir $<)
# environment
LC_ALL = C
# automatic
^F = $(notdir $^)
# default
SUFFIXES := 
# environment
SYSTEMDRIVE = C:
# environment
PROCESSOR_REVISION = 8e09
# makefile (from `makefile', line 1)
PROJ_NAME = trying
# environment
MAKELEVEL := 0
# environment
LANG = C
# environment
PROCESSOR_LEVEL = 6
# environment
VSCODE_PID = 11312
# environment
USERDOMAIN_ROAMINGPROFILE = DESKTOP-35A4F69
# variable set hash-table stats:
# Load=95/1024=9%, Rehash=0, Collisions=9/136=7%

# Pattern-specific Variable Values

# No pattern-specific variable values.

# Directories

# . (key e:/Enhancing_emb-1, mtime 1623693743): 12 files, no impossibilities.
# C:\WinAVR-20100110\bin (key C:/WinAVR-20100110/bin, mtime 1619115323): 75 files, no impossibilities.
# C:\WinAVR-20100110\utils\bin (key C:/WinAVR-20100110/utils/bin, mtime 1619115337): 99 files, no impossibilities so far.

# 186 files, no impossibilities in 3 directories.

# Implicit Rules

# No implicit rules.

# Files

all: Build
#  Phony target (prerequisite of .PHONY).
#  Command-line target.
#  Implicit rule search has not been done.
#  Implicit/static pattern stem: `'
#  File does not exist.
#  File has been updated.
#  Needs to be updated (-q is set).
# automatic
# @ := all
# automatic
# % := 
# automatic
# * := 
# automatic
# + := Build
# automatic
# | := 
# automatic
# < := Build
# automatic
# ^ := Build
# automatic
# ? := Build
# variable set hash-table stats:
# Load=8/32=25%, Rehash=0, Collisions=3/26=12%
#  commands to execute (from `makefile', line 44):
	$(CC) -g -Wall -Os -mmcu=atmega328  $(INC) $(SRC) -o $(call FixPath,$(BUILD_DIR)/$(PROJ_NAME).elf)
	$(AVR_OBJ_CPY) -j .text -j .data -O ihex $(call FixPath,$(BUILD_DIR)/$(PROJ_NAME).elf) $(call FixPath,$(BUILD_DIR)/$(PROJ_NAME).hex)
	

.PHONY: all analysis clean doc
#  Implicit rule search has not been done.
#  Modification time never checked.
#  File has not been updated.

# Not a target:
main.c:
#  Implicit rule search has not been done.
#  Modification time never checked.
#  File has not been updated.

# Not a target:
.DEFAULT:
#  Implicit rule search has not been done.
#  Modification time never checked.
#  File has not been updated.

# Not a target:
src/activity4.c:
#  Implicit rule search has not been done.
#  Modification time never checked.
#  File has not been updated.

# Not a target:
src/activity3.c:
#  Implicit rule search has not been done.
#  Modification time never checked.
#  File has not been updated.

# Not a target:
makefile:
#  Implicit rule search has been done.
#  Last modified 2021-06-14 23:00:40
#  File has been updated.
#  Successfully updated.
# variable set hash-table stats:
# Load=0/32=0%, Rehash=0, Collisions=0/0=0%

Build:
#  Implicit rule search has not been done.
#  Last modified 2021-06-14 23:32:42
#  File has been updated.
#  Successfully updated.
#  commands to execute (from `makefile', line 49):
	mkdir $(BUILD_DIR)
	

# Not a target:
.SUFFIXES:
#  Implicit rule search has not been done.
#  Modification time never checked.
#  File has not been updated.

analysis: main.c src/user_utils.c src/activity1.c src/activity2.c src/activity3.c src/activity4.c
#  Phony target (prerequisite of .PHONY).
#  Implicit rule search has not been done.
#  File does not exist.
#  File has not been updated.
#  commands to execute (from `makefile', line 53):
	cppcheck --enable=all $^
	

# Not a target:
src/activity1.c:
#  Implicit rule search has not been done.
#  Modification time never checked.
#  File has not been updated.

clean:
#  Phony target (prerequisite of .PHONY).
#  Implicit rule search has not been done.
#  File does not exist.
#  File has not been updated.
#  commands to execute (from `makefile', line 57):
	rm -rf $(call FixPath,$(BUILD_DIR)/*)
	

# Not a target:
src/user_utils.c:
#  Implicit rule search has not been done.
#  Modification time never checked.
#  File has not been updated.

# Not a target:
src/activity2.c:
#  Implicit rule search has not been done.
#  Modification time never checked.
#  File has not been updated.

doc:
#  Phony target (prerequisite of .PHONY).
#  Implicit rule search has not been done.
#  File does not exist.
#  File has not been updated.

# files hash-table stats:
# Load=15/1024=1%, Rehash=0, Collisions=0/39=0%
# VPATH Search Paths

# No `vpath' search paths.

# No general (`VPATH' variable) search path.

# # of strings in strcache: 1
# # of strcache buffers: 1
# strcache size: total = 4096 / max = 4096 / min = 4096 / avg = 4096
# strcache free: total = 4087 / max = 4087 / min = 4087 / avg = 4087

# Finished Make data base on Mon Jun 14 23:44:25 2021

 
